execve("./block_cat", ["./block_cat", "block_cat.c"], 0xffffd2a87528 /* 15 vars */) = 0
brk(NULL)                               = 0xaaab0f275000
mmap(NULL, 8192, PROT_READ|PROT_WRITE, MAP_PRIVATE|MAP_ANONYMOUS, -1, 0) = 0xffff97e28000
faccessat(AT_FDCWD, "/etc/ld.so.preload", R_OK) = -1 ENOENT (No such file or directory)
openat(AT_FDCWD, "/etc/ld.so.cache", O_RDONLY|O_CLOEXEC) = 3
newfstatat(3, "", {st_mode=S_IFREG|0644, st_size=34491, ...}, AT_EMPTY_PATH) = 0
mmap(NULL, 34491, PROT_READ, MAP_PRIVATE, 3, 0) = 0xffff97e1f000
close(3)                                = 0
openat(AT_FDCWD, "/lib/aarch64-linux-gnu/libasan.so.6", O_RDONLY|O_CLOEXEC) = 3
read(3, "\177ELF\2\1\1\0\0\0\0\0\0\0\0\0\3\0\267\0\1\0\0\0\0\0\0\0\0\0\0\0"..., 832) = 832
newfstatat(3, "", {st_mode=S_IFREG|0644, st_size=7706128, ...}, AT_EMPTY_PATH) = 0
mmap(NULL, 11282576, PROT_NONE, MAP_PRIVATE|MAP_ANONYMOUS, -1, 0) = 0xffff97330000
mmap(0xffff97330000, 11217040, PROT_READ|PROT_EXEC, MAP_PRIVATE|MAP_FIXED|MAP_DENYWRITE, 3, 0) = 0xffff97330000
munmap(0xffff97de3000, 63632)           = 0
mprotect(0xffff97457000, 61440, PROT_NONE) = 0
mmap(0xffff97466000, 32768, PROT_READ|PROT_WRITE, MAP_PRIVATE|MAP_FIXED|MAP_DENYWRITE, 3, 0x126000) = 0xffff97466000
mmap(0xffff9746e000, 9914512, PROT_READ|PROT_WRITE, MAP_PRIVATE|MAP_FIXED|MAP_ANONYMOUS, -1, 0) = 0xffff9746e000
close(3)                                = 0
openat(AT_FDCWD, "/lib/aarch64-linux-gnu/libubsan.so.1", O_RDONLY|O_CLOEXEC) = 3
read(3, "\177ELF\2\1\1\0\0\0\0\0\0\0\0\0\3\0\267\0\1\0\0\0\0\0\0\0\0\0\0\0"..., 832) = 832
newfstatat(3, "", {st_mode=S_IFREG|0644, st_size=2731256, ...}, AT_EMPTY_PATH) = 0
mmap(NULL, 6869240, PROT_NONE, MAP_PRIVATE|MAP_ANONYMOUS, -1, 0) = 0xffff96ca2000
mmap(0xffff96cb0000, 6803704, PROT_READ|PROT_EXEC, MAP_PRIVATE|MAP_FIXED|MAP_DENYWRITE, 3, 0) = 0xffff96cb0000
munmap(0xffff96ca2000, 57344)           = 0
munmap(0xffff9732e000, 4344)            = 0
mprotect(0xffff96d08000, 61440, PROT_NONE) = 0
mmap(0xffff96d17000, 20480, PROT_READ|PROT_WRITE, MAP_PRIVATE|MAP_FIXED|MAP_DENYWRITE, 3, 0x57000) = 0xffff96d17000
mmap(0xffff96d1c000, 6361336, PROT_READ|PROT_WRITE, MAP_PRIVATE|MAP_FIXED|MAP_ANONYMOUS, -1, 0) = 0xffff96d1c000
close(3)                                = 0
openat(AT_FDCWD, "/lib/aarch64-linux-gnu/libc.so.6", O_RDONLY|O_CLOEXEC) = 3
read(3, "\177ELF\2\1\1\3\0\0\0\0\0\0\0\0\3\0\267\0\1\0\0\0\340u\2\0\0\0\0\0"..., 832) = 832
newfstatat(3, "", {st_mode=S_IFREG|0755, st_size=1637400, ...}, AT_EMPTY_PATH) = 0
mmap(NULL, 1805928, PROT_NONE, MAP_PRIVATE|MAP_ANONYMOUS, -1, 0) = 0xffff96af7000
mmap(0xffff96b00000, 1740392, PROT_READ|PROT_EXEC, MAP_PRIVATE|MAP_FIXED|MAP_DENYWRITE, 3, 0) = 0xffff96b00000
munmap(0xffff96af7000, 36864)           = 0
munmap(0xffff96ca9000, 28264)           = 0
mprotect(0xffff96c88000, 61440, PROT_NONE) = 0
mmap(0xffff96c97000, 24576, PROT_READ|PROT_WRITE, MAP_PRIVATE|MAP_FIXED|MAP_DENYWRITE, 3, 0x187000) = 0xffff96c97000
mmap(0xffff96c9d000, 48744, PROT_READ|PROT_WRITE, MAP_PRIVATE|MAP_FIXED|MAP_ANONYMOUS, -1, 0) = 0xffff96c9d000
close(3)                                = 0
openat(AT_FDCWD, "/lib/aarch64-linux-gnu/libm.so.6", O_RDONLY|O_CLOEXEC) = 3
read(3, "\177ELF\2\1\1\0\0\0\0\0\0\0\0\0\3\0\267\0\1\0\0\0\0\0\0\0\0\0\0\0"..., 832) = 832
newfstatat(3, "", {st_mode=S_IFREG|0644, st_size=551064, ...}, AT_EMPTY_PATH) = 0
mmap(NULL, 680048, PROT_NONE, MAP_PRIVATE|MAP_ANONYMOUS, -1, 0) = 0xffff96a59000
mmap(0xffff96a60000, 614512, PROT_READ|PROT_EXEC, MAP_PRIVATE|MAP_FIXED|MAP_DENYWRITE, 3, 0) = 0xffff96a60000
munmap(0xffff96a59000, 28672)           = 0
munmap(0xffff96af7000, 32880)           = 0
mprotect(0xffff96ae6000, 61440, PROT_NONE) = 0
mmap(0xffff96af5000, 8192, PROT_READ|PROT_WRITE, MAP_PRIVATE|MAP_FIXED|MAP_DENYWRITE, 3, 0x85000) = 0xffff96af5000
close(3)                                = 0
openat(AT_FDCWD, "/lib/aarch64-linux-gnu/libgcc_s.so.1", O_RDONLY|O_CLOEXEC) = 3
read(3, "\177ELF\2\1\1\0\0\0\0\0\0\0\0\0\3\0\267\0\1\0\0\0\0\0\0\0\0\0\0\0"..., 832) = 832
newfstatat(3, "", {st_mode=S_IFREG|0644, st_size=84296, ...}, AT_EMPTY_PATH) = 0
mmap(NULL, 213704, PROT_NONE, MAP_PRIVATE|MAP_ANONYMOUS, -1, 0) = 0xffff96a2b000
mmap(0xffff96a30000, 148168, PROT_READ|PROT_EXEC, MAP_PRIVATE|MAP_FIXED|MAP_DENYWRITE, 3, 0) = 0xffff96a30000
munmap(0xffff96a2b000, 20480)           = 0
munmap(0xffff96a55000, 41672)           = 0
mprotect(0xffff96a44000, 61440, PROT_NONE) = 0
mmap(0xffff96a53000, 8192, PROT_READ|PROT_WRITE, MAP_PRIVATE|MAP_FIXED|MAP_DENYWRITE, 3, 0x13000) = 0xffff96a53000
close(3)                                = 0
openat(AT_FDCWD, "/lib/aarch64-linux-gnu/libstdc++.so.6", O_RDONLY|O_CLOEXEC) = 3
read(3, "\177ELF\2\1\1\3\0\0\0\0\0\0\0\0\3\0\267\0\1\0\0\0\0\0\0\0\0\0\0\0"..., 832) = 832
newfstatat(3, "", {st_mode=S_IFREG|0644, st_size=2190752, ...}, AT_EMPTY_PATH) = 0
mmap(NULL, 8192, PROT_READ|PROT_WRITE, MAP_PRIVATE|MAP_ANONYMOUS, -1, 0) = 0xffff97df1000
mmap(NULL, 2332704, PROT_NONE, MAP_PRIVATE|MAP_ANONYMOUS, -1, 0) = 0xffff967f6000
mmap(0xffff96800000, 2267168, PROT_READ|PROT_EXEC, MAP_PRIVATE|MAP_FIXED|MAP_DENYWRITE, 3, 0) = 0xffff96800000
munmap(0xffff967f6000, 40960)           = 0
munmap(0xffff96a2a000, 22560)           = 0
mprotect(0xffff96a0a000, 61440, PROT_NONE) = 0
mmap(0xffff96a19000, 57344, PROT_READ|PROT_WRITE, MAP_PRIVATE|MAP_FIXED|MAP_DENYWRITE, 3, 0x209000) = 0xffff96a19000
mmap(0xffff96a27000, 10272, PROT_READ|PROT_WRITE, MAP_PRIVATE|MAP_FIXED|MAP_ANONYMOUS, -1, 0) = 0xffff96a27000
close(3)                                = 0
mmap(NULL, 8192, PROT_READ|PROT_WRITE, MAP_PRIVATE|MAP_ANONYMOUS, -1, 0) = 0xffff97def000
set_tid_address(0xffff97def0f0)         = 65690
set_robust_list(0xffff97def100, 24)     = 0
rseq(0xffff97def7c0, 0x20, 0, 0xd428bc00) = 0
mprotect(0xffff96c97000, 16384, PROT_READ) = 0
mprotect(0xffff96af5000, 4096, PROT_READ) = 0
mprotect(0xffff96a53000, 4096, PROT_READ) = 0
mmap(NULL, 8192, PROT_READ|PROT_WRITE, MAP_PRIVATE|MAP_ANONYMOUS, -1, 0) = 0xffff97ded000
mprotect(0xffff96a19000, 45056, PROT_READ) = 0
mprotect(0xffff96d17000, 8192, PROT_READ) = 0
mprotect(0xffff97466000, 20480, PROT_READ) = 0
mprotect(0xaaaade613000, 4096, PROT_READ) = 0
mprotect(0xffff97e2d000, 8192, PROT_READ) = 0
prlimit64(0, RLIMIT_STACK, NULL, {rlim_cur=8192*1024, rlim_max=RLIM64_INFINITY}) = 0
munmap(0xffff97e1f000, 34491)           = 0
readlinkat(AT_FDCWD, "/proc/self/exe", "/home/cs300-user/cs300-s24-proje"..., 4096) = 60
mmap(NULL, 4096, PROT_READ|PROT_WRITE, MAP_PRIVATE|MAP_ANONYMOUS, -1, 0) = 0xffff97e27000
openat(AT_FDCWD, "/proc/self/cmdline", O_RDONLY) = 3
read(3, "./block_cat\0block_cat.c\0", 4096) = 24
read(3, "", 4072)                       = 0
close(3)                                = 0
munmap(0xffff97e27000, 4096)            = 0
mmap(NULL, 4096, PROT_READ|PROT_WRITE, MAP_PRIVATE|MAP_ANONYMOUS, -1, 0) = 0xffff97e27000
openat(AT_FDCWD, "/proc/self/environ", O_RDONLY) = 3
read(3, "HOSTNAME=f1f6b84af5ea\0SSH_AUTH_S"..., 4096) = 1996
read(3, "", 2100)                       = 0
close(3)                                = 0
mmap(NULL, 8192, PROT_READ|PROT_WRITE, MAP_PRIVATE|MAP_ANONYMOUS, -1, 0) = 0xffff97e25000
mmap(NULL, 8192, PROT_READ|PROT_WRITE, MAP_PRIVATE|MAP_ANONYMOUS, -1, 0) = 0xffff97e23000
mmap(NULL, 3481600, PROT_READ|PROT_WRITE, MAP_PRIVATE|MAP_ANONYMOUS, -1, 0) = 0xffff964ae000
mmap(NULL, 4096, PROT_READ|PROT_WRITE, MAP_PRIVATE|MAP_ANONYMOUS, -1, 0) = 0xffff97e22000
prlimit64(0, RLIMIT_CORE, NULL, {rlim_cur=0, rlim_max=RLIM64_INFINITY}) = 0
prlimit64(0, RLIMIT_CORE, {rlim_cur=0, rlim_max=RLIM64_INFINITY}, NULL) = 0
mmap(NULL, 4096, PROT_READ|PROT_WRITE, MAP_PRIVATE|MAP_ANONYMOUS, -1, 0) = 0xffff97e21000
openat(AT_FDCWD, "/proc/self/maps", O_RDONLY) = 3
read(3, "aaaade600000-aaaade604000 r-xp 0"..., 4096) = 4027
read(3, "fffffec07000-fffffec28000 rw-p 0"..., 69) = 69
close(3)                                = 0
munmap(0xffff97e21000, 4096)            = 0
mmap(NULL, 8192, PROT_READ|PROT_WRITE, MAP_PRIVATE|MAP_ANONYMOUS, -1, 0) = 0xffff97e20000
openat(AT_FDCWD, "/proc/self/maps", O_RDONLY) = 3
read(3, "aaaade600000-aaaade604000 r-xp 0"..., 8192) = 4027
read(3, "fffffec07000-fffffec28000 rw-p 0"..., 4165) = 81
read(3, "", 4084)                       = 0
close(3)                                = 0
mmap(NULL, 4096, PROT_READ|PROT_WRITE, MAP_PRIVATE|MAP_ANONYMOUS, -1, 0) = 0xffff97e1f000
openat(AT_FDCWD, "/proc/self/maps", O_RDONLY) = 3
read(3, "aaaade600000-aaaade604000 r-xp 0"..., 4096) = 4027
read(3, "fffffec07000-fffffec28000 rw-p 0"..., 69) = 69
close(3)                                = 0
munmap(0xffff97e1f000, 4096)            = 0
mmap(NULL, 8192, PROT_READ|PROT_WRITE, MAP_PRIVATE|MAP_ANONYMOUS, -1, 0) = 0xffff97e1e000
openat(AT_FDCWD, "/proc/self/maps", O_RDONLY) = 3
read(3, "aaaade600000-aaaade604000 r-xp 0"..., 8192) = 4027
read(3, "fffffec07000-fffffec28000 rw-p 0"..., 4165) = 81
read(3, "", 4084)                       = 0
close(3)                                = 0
munmap(0xffff97e1e000, 8192)            = 0
mmap(0xffffff000, 8589938688, PROT_READ|PROT_WRITE, MAP_PRIVATE|MAP_FIXED|MAP_ANONYMOUS|MAP_NORESERVE, -1, 0) = 0xffffff000
madvise(0xffffff000, 8589938688, MADV_NOHUGEPAGE) = 0
madvise(0xffffff000, 8589938688, MADV_DONTDUMP) = 0
mmap(0x41200000000, 30777735643136, PROT_READ|PROT_WRITE, MAP_PRIVATE|MAP_FIXED|MAP_ANONYMOUS|MAP_NORESERVE, -1, 0) = 0x41200000000
madvise(0x41200000000, 30777735643136, MADV_NOHUGEPAGE) = 0
madvise(0x41200000000, 30777735643136, MADV_DONTDUMP) = 0
mmap(0x1200000000, 4398046511104, PROT_NONE, MAP_PRIVATE|MAP_FIXED|MAP_ANONYMOUS|MAP_NORESERVE, -1, 0) = 0x1200000000
sigaltstack(NULL, {ss_sp=NULL, ss_flags=SS_DISABLE, ss_size=0}) = 0
mmap(NULL, 81920, PROT_READ|PROT_WRITE, MAP_PRIVATE|MAP_ANONYMOUS, -1, 0) = 0xffff9649a000
sigaltstack({ss_sp=0xffff9649a000, ss_flags=0, ss_size=81920}, NULL) = 0
rt_sigaction(SIGSEGV, {sa_handler=0xffff973dfae0, sa_mask=[], sa_flags=SA_ONSTACK|SA_NODEFER|SA_SIGINFO}, NULL, 8) = 0
rt_sigaction(SIGBUS, {sa_handler=0xffff973dfae0, sa_mask=[], sa_flags=SA_ONSTACK|SA_NODEFER|SA_SIGINFO}, NULL, 8) = 0
rt_sigaction(SIGFPE, {sa_handler=0xffff973dfae0, sa_mask=[], sa_flags=SA_ONSTACK|SA_NODEFER|SA_SIGINFO}, NULL, 8) = 0
mmap(NULL, 8388608, PROT_NONE, MAP_PRIVATE|MAP_ANONYMOUS|MAP_NORESERVE, -1, 0) = 0xffff95c9a000
mmap(NULL, 57344, PROT_READ|PROT_WRITE, MAP_PRIVATE|MAP_ANONYMOUS, -1, 0) = 0xffff95c8c000
mmap(NULL, 33554432, PROT_READ|PROT_WRITE, MAP_PRIVATE|MAP_ANONYMOUS, -1, 0) = 0xffff93c8c000
mmap(NULL, 4096, PROT_READ|PROT_WRITE, MAP_PRIVATE|MAP_ANONYMOUS, -1, 0) = 0xffff97e1f000
getpid()                                = 65690
prlimit64(0, RLIMIT_STACK, NULL, {rlim_cur=8192*1024, rlim_max=RLIM64_INFINITY}) = 0
mmap(NULL, 4096, PROT_READ|PROT_WRITE, MAP_PRIVATE|MAP_ANONYMOUS, -1, 0) = 0xffff97e1e000
openat(AT_FDCWD, "/proc/self/maps", O_RDONLY) = 3
read(3, "ffffff000-1200000000 rw-p 000000"..., 4096) = 4019
read(3, "ffff97e2d000-ffff97e2f000 r--p 0"..., 77) = 77
close(3)                                = 0
munmap(0xffff97e1e000, 4096)            = 0
mmap(NULL, 8192, PROT_READ|PROT_WRITE, MAP_PRIVATE|MAP_ANONYMOUS, -1, 0) = 0xffff97deb000
openat(AT_FDCWD, "/proc/self/maps", O_RDONLY) = 3
read(3, "ffffff000-1200000000 rw-p 000000"..., 8192) = 4019
read(3, "ffff97e2d000-ffff97e2f000 r--p 0"..., 4173) = 325
read(3, "", 3848)                       = 0
close(3)                                = 0
munmap(0xffff97e20000, 8192)            = 0
mmap(NULL, 4096, PROT_READ|PROT_WRITE, MAP_PRIVATE|MAP_ANONYMOUS, -1, 0) = 0xffff97e21000
openat(AT_FDCWD, "/proc/self/maps", O_RDONLY) = 3
read(3, "ffffff000-1200000000 rw-p 000000"..., 4096) = 4068
read(3, "ffff97e2d000-ffff97e2f000 r-", 28) = 28
close(3)                                = 0
munmap(0xffff97e21000, 4096)            = 0
mmap(NULL, 8192, PROT_READ|PROT_WRITE, MAP_PRIVATE|MAP_ANONYMOUS, -1, 0) = 0xffff97e20000
openat(AT_FDCWD, "/proc/self/maps", O_RDONLY) = 3
read(3, "ffffff000-1200000000 rw-p 000000"..., 8192) = 4019
read(3, "ffff97e2d000-ffff97e2f000 r--p 0"..., 4173) = 325
read(3, "", 3848)                       = 0
close(3)                                = 0
munmap(0xffff97e20000, 8192)            = 0
mmap(0x200fffc85000, 1048576, PROT_READ|PROT_WRITE, MAP_PRIVATE|MAP_FIXED|MAP_ANONYMOUS|MAP_NORESERVE, -1, 0) = 0x200fffc85000
madvise(0x200fffc85000, 1048576, MADV_NOHUGEPAGE) = 0
madvise(0x200fffc85000, 1048576, MADV_DONTDUMP) = 0
sigaltstack(NULL, {ss_sp=0xffff9649a000, ss_flags=0, ss_size=81920}) = 0
mmap(NULL, 2097152, PROT_READ|PROT_WRITE, MAP_PRIVATE|MAP_ANONYMOUS, -1, 0) = 0xffff93a8c000
munmap(0xffff93a8c000, 475136)          = 0
munmap(0xffff93c00000, 573440)          = 0
mmap(NULL, 4096, PROT_READ|PROT_WRITE, MAP_PRIVATE|MAP_ANONYMOUS, -1, 0) = 0xffff97e21000
mmap(NULL, 2097152, PROT_READ|PROT_WRITE, MAP_PRIVATE|MAP_ANONYMOUS, -1, 0) = 0xffff93900000
munmap(0xffff93a00000, 1048576)         = 0
mmap(NULL, 4096, PROT_READ|PROT_WRITE, MAP_PRIVATE|MAP_ANONYMOUS, -1, 0) = 0xffff97e20000
mmap(NULL, 1179648, PROT_READ|PROT_WRITE, MAP_PRIVATE|MAP_ANONYMOUS, -1, 0) = 0xffff937e0000
mmap(NULL, 4096, PROT_READ|PROT_WRITE, MAP_PRIVATE|MAP_ANONYMOUS, -1, 0) = 0xffff97e1e000
mmap(NULL, 2097152, PROT_READ|PROT_WRITE, MAP_PRIVATE|MAP_ANONYMOUS, -1, 0) = 0xffff935e0000
munmap(0xffff935e0000, 131072)          = 0
munmap(0xffff93700000, 917504)          = 0
mmap(NULL, 2097152, PROT_READ|PROT_WRITE, MAP_PRIVATE|MAP_ANONYMOUS, -1, 0) = 0xffff93400000
munmap(0xffff93500000, 1048576)         = 0
munmap(0xffff97e1e000, 4096)            = 0
mmap(NULL, 4096, PROT_READ|PROT_WRITE, MAP_PRIVATE|MAP_ANONYMOUS, -1, 0) = 0xffff97e1e000
munmap(0xffff97e1e000, 4096)            = 0
mmap(NULL, 4096, PROT_READ|PROT_WRITE, MAP_PRIVATE|MAP_ANONYMOUS, -1, 0) = 0xffff97e1e000
mmap(NULL, 2097152, PROT_READ|PROT_WRITE, MAP_PRIVATE|MAP_ANONYMOUS, -1, 0) = 0xffff93200000
munmap(0xffff93300000, 1048576)         = 0
munmap(0xffff97e1e000, 4096)            = 0
mmap(NULL, 4096, PROT_READ|PROT_WRITE, MAP_PRIVATE|MAP_ANONYMOUS, -1, 0) = 0xffff97e1e000
munmap(0xffff97e1e000, 4096)            = 0
mmap(NULL, 4096, PROT_READ|PROT_WRITE, MAP_PRIVATE|MAP_ANONYMOUS, -1, 0) = 0xffff97e1e000
munmap(0xffff97e1e000, 4096)            = 0
mmap(NULL, 4096, PROT_READ|PROT_WRITE, MAP_PRIVATE|MAP_ANONYMOUS, -1, 0) = 0xffff97e1e000
munmap(0xffff97e1e000, 4096)            = 0
mmap(NULL, 4096, PROT_READ|PROT_WRITE, MAP_PRIVATE|MAP_ANONYMOUS, -1, 0) = 0xffff97e1e000
munmap(0xffff97e1e000, 4096)            = 0
mmap(NULL, 4096, PROT_READ|PROT_WRITE, MAP_PRIVATE|MAP_ANONYMOUS, -1, 0) = 0xffff97e1e000
munmap(0xffff97e1e000, 4096)            = 0
mmap(NULL, 4096, PROT_READ|PROT_WRITE, MAP_PRIVATE|MAP_ANONYMOUS, -1, 0) = 0xffff97e1e000
munmap(0xffff97e1e000, 4096)            = 0
mmap(NULL, 4096, PROT_READ|PROT_WRITE, MAP_PRIVATE|MAP_ANONYMOUS, -1, 0) = 0xffff97e1e000
mmap(NULL, 4096, PROT_READ|PROT_WRITE, MAP_PRIVATE|MAP_ANONYMOUS, -1, 0) = 0xffff97dea000
mmap(NULL, 8192, PROT_READ|PROT_WRITE, MAP_PRIVATE|MAP_ANONYMOUS, -1, 0) = 0xffff97de8000
mmap(NULL, 2097152, PROT_READ|PROT_WRITE, MAP_PRIVATE|MAP_ANONYMOUS, -1, 0) = 0xffff93000000
munmap(0xffff93100000, 1048576)         = 0
mmap(NULL, 4096, PROT_READ|PROT_WRITE, MAP_PRIVATE|MAP_ANONYMOUS, -1, 0) = 0xffff97de7000
mmap(NULL, 2097152, PROT_READ|PROT_WRITE, MAP_PRIVATE|MAP_ANONYMOUS, -1, 0) = 0xffff92e00000
munmap(0xffff92f00000, 1048576)         = 0
mmap(NULL, 65536, PROT_READ|PROT_WRITE, MAP_PRIVATE|MAP_ANONYMOUS, -1, 0) = 0xffff93c7c000
mmap(NULL, 2097152, PROT_READ|PROT_WRITE, MAP_PRIVATE|MAP_ANONYMOUS, -1, 0) = 0xffff92c00000
munmap(0xffff92d00000, 1048576)         = 0
mmap(NULL, 2097152, PROT_READ|PROT_WRITE, MAP_PRIVATE|MAP_ANONYMOUS, -1, 0) = 0xffff92a00000
munmap(0xffff92b00000, 1048576)         = 0
mmap(NULL, 2097152, PROT_READ|PROT_WRITE, MAP_PRIVATE|MAP_ANONYMOUS, -1, 0) = 0xffff92800000
munmap(0xffff92900000, 1048576)         = 0
mmap(NULL, 2097152, PROT_READ|PROT_WRITE, MAP_PRIVATE|MAP_ANONYMOUS, -1, 0) = 0xffff92600000
munmap(0xffff92700000, 1048576)         = 0
mmap(NULL, 4096, PROT_READ|PROT_WRITE, MAP_PRIVATE|MAP_ANONYMOUS, -1, 0) = 0xffff97de6000
mmap(NULL, 4096, PROT_READ|PROT_WRITE, MAP_PRIVATE|MAP_ANONYMOUS, -1, 0) = 0xffff97de5000
write(2, "usage: ./block_cat <buffer-size>"..., 54) = 54
gettid()                                = 65690
prctl(PR_GET_DUMPABLE)                  = 1 (SUID_DUMP_USER)
getpid()                                = 65690
mmap(NULL, 2101248, PROT_READ|PROT_WRITE, MAP_PRIVATE|MAP_ANONYMOUS, -1, 0) = 0xffff923ff000
mprotect(0xffff923ff000, 4096, PROT_NONE) = 0
rt_sigprocmask(SIG_BLOCK, ~[ILL ABRT BUS FPE SEGV XCPU XFSZ], [], 8) = 0
clone(child_stack=0xffff925ffff0, flags=CLONE_VM|CLONE_FS|CLONE_FILES|CLONE_UNTRACED) = 65691
rt_sigprocmask(SIG_SETMASK, [], NULL, 8) = 0
getpid()                                = 65690
prctl(PR_SET_PTRACER, 65691)            = 0
futex(0xfffffec264b0, FUTEX_WAKE_PRIVATE, 1) = 1
wait4(65691, NULL, __WALL, NULL)        = 65691
munmap(0xffff923ff000, 2101248)         = 0
getpid()                                = 65690
write(2, "==65690==LeakSanitizer has encou"..., 54) = 54
mmap(NULL, 65536, PROT_READ|PROT_WRITE, MAP_PRIVATE|MAP_ANONYMOUS, -1, 0) = 0xffff93c6c000
getpid()                                = 65690
write(2, "==65690==HINT: For debugging, tr"..., 102) = 102
getpid()                                = 65690
write(2, "==65690==HINT: LeakSanitizer doe"..., 75) = 75
exit_group(1)                           = ?
+++ exited with 1 +++
